#
# An unexpected error has been detected by Java Runtime Environment:
#
#  Internal Error (classFileParser.cpp:2924), pid=5744, tid=5552
#  Error: ShouldNotReachHere()
#
# Java VM: Java HotSpot(TM) Client VM (10.0-b23 mixed mode windows-x86)
# If you would like to submit a bug report, please visit:
#   http://java.sun.com/webapps/bugreport/crash.jsp
#

---------------  T H R E A D  ---------------

Current thread (0x00845800):  JavaThread "Unknown thread" [_thread_in_vm, id=5552, stack(0x008e0000,0x00930000)]

Stack: [0x008e0000,0x00930000]
[error occurred during error reporting (printing stack bounds), id 0xc0000005]


---------------  P R O C E S S  ---------------

Java Threads: ( => current thread )

Other Threads:

=>0x00845800 (exited) JavaThread "Unknown thread" [_thread_in_vm, id=5552, stack(0x008e0000,0x00930000)]

VM state:not at safepoint (not fully initialized)

VM Mutex/Monitor currently owned by a thread: None

Dynamic libraries:
0x00400000 - 0x00423000 	C:\Program Files\Java\jre1.6.0_07\bin\javaw.exe
0x7c920000 - 0x7c9b6000 	C:\WINDOWS\system32\ntdll.dll
0x7c800000 - 0x7c91e000 	C:\WINDOWS\system32\kernel32.dll
0x77da0000 - 0x77e49000 	C:\WINDOWS\system32\ADVAPI32.dll
0x77e50000 - 0x77ee3000 	C:\WINDOWS\system32\RPCRT4.dll
0x77fc0000 - 0x77fd1000 	C:\WINDOWS\system32\Secur32.dll
0x77d10000 - 0x77da0000 	C:\WINDOWS\system32\USER32.dll
0x77ef0000 - 0x77f39000 	C:\WINDOWS\system32\GDI32.dll
0x76300000 - 0x7631d000 	C:\WINDOWS\system32\IMM32.DLL
0x62c20000 - 0x62c29000 	C:\WINDOWS\system32\LPK.DLL
0x73fa0000 - 0x7400b000 	C:\WINDOWS\system32\USP10.dll
0x7c340000 - 0x7c396000 	C:\Program Files\Java\jre1.6.0_07\bin\msvcr71.dll
0x6d7c0000 - 0x6da10000 	C:\Program Files\Java\jre1.6.0_07\bin\client\jvm.dll
0x76b10000 - 0x76b3a000 	C:\WINDOWS\system32\WINMM.dll
0x6d270000 - 0x6d278000 	C:\Program Files\Java\jre1.6.0_07\bin\hpi.dll
0x76bc0000 - 0x76bcb000 	C:\WINDOWS\system32\PSAPI.DLL
0x6d770000 - 0x6d77c000 	C:\Program Files\Java\jre1.6.0_07\bin\verify.dll
0x6d310000 - 0x6d32f000 	C:\Program Files\Java\jre1.6.0_07\bin\java.dll
0x6d7b0000 - 0x6d7bf000 	C:\Program Files\Java\jre1.6.0_07\bin\zip.dll

VM Arguments:
jvm_args: -Dfile.encoding=GBK -Xbootclasspath:C:\Android\android-sdk-windows\platforms\android-9\android.jar 
java_command: com.alvin.phone.LogicTest
Launcher Type: SUN_STANDARD

Environment Variables:
JAVA_HOME=C:\Program Files\Java\jdk1.6.0_07
CLASSPATH=C:\apache-tomcat-7.0.47\lib\servlet-api.jar
PATH=C:/Program Files/Java/jre1.6.0_07/bin/client;C:/Program Files/Java/jre1.6.0_07/bin;C:/Program Files/Java/jre1.6.0_07/lib/i386;C:\WINDOWS\system32;C:\WINDOWS;C:\WINDOWS\System32\Wbem;C:\Program Files\Java\jdk1.6.0_07\bin;C:\Program Files\Microsoft SQL Server\80\Tools\BINN;C:\Documents and Settings\Administrator\Local Settings\Application Data\Kingsoft\WPS Office\9.1.0.4468\office6;C:\Android\android-sdk-windows\tools;C:\Android\android-sdk-windows\platform-tools;C:\eclipse;
USERNAME=alvin
OS=Windows_NT
PROCESSOR_IDENTIFIER=x86 Family 15 Model 6 Stepping 4, GenuineIntel



---------------  S Y S T E M  ---------------

OS: Windows XP Build 2600 Service Pack 3

CPU:total 2 (2 cores per cpu, 1 threads per core) family 15 model 6 stepping 4, cmov, cx8, fxsr, mmx, sse, sse2, sse3

Memory: 4k page, physical 2097151k(1308636k free), swap 4194303k(4194303k free)

vm_info: Java HotSpot(TM) Client VM (10.0-b23) for windows-x86 JRE (1.6.0_07-b06), built on Jun 10 2008 01:14:11 by "java_re" with MS VC++ 7.1

time: Tue Jan 07 22:14:41 2014
elapsed time: 0 seconds

